0 info it worked if it ends with ok
1 verbose cli [ 'C:\\Program Files\\nodejs\\node.exe',
1 verbose cli   'C:\\Program Files\\nodejs\\node_modules\\npm\\bin\\npm-cli.js',
1 verbose cli   'run',
1 verbose cli   'prefix:css' ]
2 info using npm@4.0.5
3 info using node@v7.4.0
4 verbose run-script [ 'prefix:css' ]
5 info lifecycle sass@1.0.0~prefix:css: sass@1.0.0
6 verbose lifecycle sass@1.0.0~prefix:css: unsafe-perm in lifecycle true
7 verbose lifecycle sass@1.0.0~prefix:css: PATH: C:\Program Files\nodejs\node_modules\npm\bin\node-gyp-bin;C:\Users\Dzhamshed\Desktop\codecademy\sass\node_modules\.bin;C:\Users\Dzhamshed\bin;C:\Program Files\Git\mingw64\bin;C:\Program Files\Git\usr\local\bin;C:\Program Files\Git\usr\bin;C:\Program Files\Git\usr\bin;C:\Program Files\Git\mingw64\bin;C:\Program Files\Git\usr\bin;C:\Users\Dzhamshed\bin;C:\ProgramData\Oracle\Java\javapath;C:\Program Files\Broadcom\Broadcom 802.11 Network Adapter;C:\Program Files (x86)\Intel\iCLS Client;C:\Program Files\Intel\iCLS Client;C:\Program Files (x86)\NVIDIA Corporation\PhysX\Common;C:\WINDOWS\system32;C:\WINDOWS;C:\WINDOWS\System32\Wbem;C:\WINDOWS\System32\WindowsPowerShell\v1.0;C:\Program Files (x86)\Windows Live\Shared;C:\Program Files\Intel\Intel(R) Management Engine Components\DAL;C:\Program Files\Intel\Intel(R) Management Engine Components\IPT;C:\Program Files (x86)\Intel\Intel(R) Management Engine Components\DAL;C:\Program Files (x86)\Intel\Intel(R) Management Engine Components\IPT;C:\Program Files\WIDCOMM\Bluetooth Software;C:\Program Files\WIDCOMM\Bluetooth Software\syswow64;C:\Program Files\nodejs;C:\Program Files\Git\cmd;C:\Program Files (x86)\Skype\Phone;C:\Users\Dzhamshed\AppData\Local\Microsoft\WindowsApps;C:\Users\Dzhamshed\AppData\Local\atom\bin;C:\Users\Dzhamshed\AppData\Roaming\npm;%USERPROFILE%\AppData\Local\Microsoft\WindowsApps;C:\Program Files\Git\usr\bin\vendor_perl;C:\Program Files\Git\usr\bin\core_perl
8 verbose lifecycle sass@1.0.0~prefix:css: CWD: C:\Users\Dzhamshed\Desktop\codecademy\sass
9 silly lifecycle sass@1.0.0~prefix:css: Args: [ '/d /s /c',
9 silly lifecycle   'postcss --use autoprefixer -b \'last 10 version\' css/style.concat.css -o css/style.prefix.css' ]
10 silly lifecycle sass@1.0.0~prefix:css: Returned: code: 1  signal: null
11 info lifecycle sass@1.0.0~prefix:css: Failed to exec prefix:css script
12 verbose stack Error: sass@1.0.0 prefix:css: `postcss --use autoprefixer -b 'last 10 version' css/style.concat.css -o css/style.prefix.css`
12 verbose stack Exit status 1
12 verbose stack     at EventEmitter.<anonymous> (C:\Program Files\nodejs\node_modules\npm\lib\utils\lifecycle.js:279:16)
12 verbose stack     at emitTwo (events.js:106:13)
12 verbose stack     at EventEmitter.emit (events.js:191:7)
12 verbose stack     at ChildProcess.<anonymous> (C:\Program Files\nodejs\node_modules\npm\lib\utils\spawn.js:40:14)
12 verbose stack     at emitTwo (events.js:106:13)
12 verbose stack     at ChildProcess.emit (events.js:191:7)
12 verbose stack     at maybeClose (internal/child_process.js:885:16)
12 verbose stack     at Process.ChildProcess._handle.onexit (internal/child_process.js:226:5)
13 verbose pkgid sass@1.0.0
14 verbose cwd C:\Users\Dzhamshed\Desktop\codecademy\sass
15 error Windows_NT 10.0.16299
16 error argv "C:\\Program Files\\nodejs\\node.exe" "C:\\Program Files\\nodejs\\node_modules\\npm\\bin\\npm-cli.js" "run" "prefix:css"
17 error node v7.4.0
18 error npm  v4.0.5
19 error code ELIFECYCLE
20 error sass@1.0.0 prefix:css: `postcss --use autoprefixer -b 'last 10 version' css/style.concat.css -o css/style.prefix.css`
20 error Exit status 1
21 error Failed at the sass@1.0.0 prefix:css script 'postcss --use autoprefixer -b 'last 10 version' css/style.concat.css -o css/style.prefix.css'.
21 error Make sure you have the latest version of node.js and npm installed.
21 error If you do, this is most likely a problem with the sass package,
21 error not with npm itself.
21 error Tell the author that this fails on your system:
21 error     postcss --use autoprefixer -b 'last 10 version' css/style.concat.css -o css/style.prefix.css
21 error You can get information on how to open an issue for this project with:
21 error     npm bugs sass
21 error Or if that isn't available, you can get their info via:
21 error     npm owner ls sass
21 error There is likely additional logging output above.
22 verbose exit [ 1, true ]
